2016-03-22 03:04:10,234:234.579086304 - ubuntu_sso.utils.translation - WARNING - Translations not found, using null translator.
2016-03-22 03:04:10,401:401.197910309 - ubuntu_sso.main - INFO - Setting up Ubuntu SSO service.
2016-03-22 03:04:10,539:539.123058319 - ubuntu_sso.main - INFO - Ubuntu SSO service started.
2016-03-22 03:04:10,539:539.268016815 - ubuntu_sso.account - INFO - Creating a new SSO access layer for service url u'https://login.ubuntu.com/api/1.0/'
2016-03-22 03:04:10,544:544.83795166 - ubuntu_sso.credentials - INFO - find_credentials: self.app_name dbus.String(u'Ubuntu One'), result is {}? True
2016-03-22 03:04:10,545:545.007944107 - ubuntu_sso.main - INFO - 'CredentialsManagement': emitting 'CredentialsNotFound' with args (dbus.String(u'Ubuntu One'),) and kwargs {}
2016-03-22 03:04:20,555:555.600881577 - ubuntu_sso.main - INFO - Shutting down, calling <function shutdown_func at 0x7fcae6346410>.
2016-03-22 03:11:03,387:387.662887573 - ubuntu_sso.utils.translation - WARNING - Translations not found, using null translator.
2016-03-22 03:11:03,562:562.676906586 - ubuntu_sso.main - INFO - Setting up Ubuntu SSO service.
2016-03-22 03:11:03,702:702.060937881 - ubuntu_sso.main - INFO - Ubuntu SSO service started.
2016-03-22 03:11:03,702:702.219009399 - ubuntu_sso.account - INFO - Creating a new SSO access layer for service url u'https://login.ubuntu.com/api/1.0/'
2016-03-22 03:11:03,733:733.242988586 - ubuntu_sso.credentials - INFO - find_credentials: self.app_name dbus.String(u'Ubuntu One'), result is {}? True
2016-03-22 03:11:03,733:733.381986618 - ubuntu_sso.main - INFO - 'CredentialsManagement': emitting 'CredentialsNotFound' with args (dbus.String(u'Ubuntu One'),) and kwargs {}
2016-03-22 03:11:13,744:744.085073471 - ubuntu_sso.main - INFO - Shutting down, calling <function shutdown_func at 0x7f6307b87410>.
2016-03-22 03:16:03,965:965.262889862 - ubuntu_sso.utils.translation - WARNING - Translations not found, using null translator.
2016-03-22 03:16:03,980:980.097055435 - ubuntu_sso.main - INFO - Setting up Ubuntu SSO service.
2016-03-22 03:16:03,983:983.61492157 - ubuntu_sso.main - INFO - Ubuntu SSO service started.
2016-03-22 03:16:03,983:983.761072159 - ubuntu_sso.account - INFO - Creating a new SSO access layer for service url u'https://login.ubuntu.com/api/1.0/'
2016-03-22 03:16:03,988:988.835096359 - ubuntu_sso.credentials - INFO - find_credentials: self.app_name dbus.String(u'Ubuntu One'), result is {}? True
2016-03-22 03:16:03,988:988.956928253 - ubuntu_sso.main - INFO - 'CredentialsManagement': emitting 'CredentialsNotFound' with args (dbus.String(u'Ubuntu One'),) and kwargs {}
2016-03-22 03:16:13,998:998.097896576 - ubuntu_sso.main - INFO - Shutting down, calling <function shutdown_func at 0x7f9751342410>.
2016-03-22 03:21:03,967:967.372894287 - ubuntu_sso.utils.translation - WARNING - Translations not found, using null translator.
2016-03-22 03:21:03,982:982.178926468 - ubuntu_sso.main - INFO - Setting up Ubuntu SSO service.
2016-03-22 03:21:03,985:985.67199707 - ubuntu_sso.main - INFO - Ubuntu SSO service started.
2016-03-22 03:21:03,985:985.80789566 - ubuntu_sso.account - INFO - Creating a new SSO access layer for service url u'https://login.ubuntu.com/api/1.0/'
2016-03-22 03:21:03,991:991.358041763 - ubuntu_sso.credentials - INFO - find_credentials: self.app_name dbus.String(u'Ubuntu One'), result is {}? True
2016-03-22 03:21:03,991:991.527080536 - ubuntu_sso.main - INFO - 'CredentialsManagement': emitting 'CredentialsNotFound' with args (dbus.String(u'Ubuntu One'),) and kwargs {}
2016-03-22 03:21:14,000:0.969886779785 - ubuntu_sso.main - INFO - Shutting down, calling <function shutdown_func at 0x7fcfbce09410>.
2016-03-22 03:26:03,965:965.908050537 - ubuntu_sso.utils.translation - WARNING - Translations not found, using null translator.
2016-03-22 03:26:03,980:980.767965317 - ubuntu_sso.main - INFO - Setting up Ubuntu SSO service.
2016-03-22 03:26:03,985:985.039949417 - ubuntu_sso.main - INFO - Ubuntu SSO service started.
2016-03-22 03:26:03,985:985.207080841 - ubuntu_sso.account - INFO - Creating a new SSO access layer for service url u'https://login.ubuntu.com/api/1.0/'
2016-03-22 03:26:03,990:990.670919418 - ubuntu_sso.credentials - INFO - find_credentials: self.app_name dbus.String(u'Ubuntu One'), result is {}? True
2016-03-22 03:26:03,990:990.833044052 - ubuntu_sso.main - INFO - 'CredentialsManagement': emitting 'CredentialsNotFound' with args (dbus.String(u'Ubuntu One'),) and kwargs {}
2016-03-22 03:26:14,000:0.0948905944824 - ubuntu_sso.main - INFO - Shutting down, calling <function shutdown_func at 0x7f7c01960410>.
2016-03-22 12:38:02,967:967.461109161 - ubuntu_sso.utils.translation - WARNING - Translations not found, using null translator.
2016-03-22 12:38:02,982:982.242107391 - ubuntu_sso.main - INFO - Setting up Ubuntu SSO service.
2016-03-22 12:38:02,986:986.850976944 - ubuntu_sso.main - INFO - Ubuntu SSO service started.
2016-03-22 12:38:02,987:987.00594902 - ubuntu_sso.account - INFO - Creating a new SSO access layer for service url u'https://login.ubuntu.com/api/1.0/'
2016-03-22 12:38:02,991:991.965055466 - ubuntu_sso.credentials - INFO - find_credentials: self.app_name dbus.String(u'Ubuntu One'), result is {}? True
2016-03-22 12:38:02,992:992.089033127 - ubuntu_sso.main - INFO - 'CredentialsManagement': emitting 'CredentialsNotFound' with args (dbus.String(u'Ubuntu One'),) and kwargs {}
2016-03-22 12:38:13,001:1.5230178833 - ubuntu_sso.main - INFO - Shutting down, calling <function shutdown_func at 0x7f722fbb7410>.
2016-03-22 12:43:02,965:965.964078903 - ubuntu_sso.utils.translation - WARNING - Translations not found, using null translator.
2016-03-22 12:43:02,980:980.8781147 - ubuntu_sso.main - INFO - Setting up Ubuntu SSO service.
2016-03-22 12:43:02,984:984.471082687 - ubuntu_sso.main - INFO - Ubuntu SSO service started.
2016-03-22 12:43:02,984:984.615087509 - ubuntu_sso.account - INFO - Creating a new SSO access layer for service url u'https://login.ubuntu.com/api/1.0/'
2016-03-22 12:43:02,989:989.734888077 - ubuntu_sso.credentials - INFO - find_credentials: self.app_name dbus.String(u'Ubuntu One'), result is {}? True
2016-03-22 12:43:02,989:989.852905273 - ubuntu_sso.main - INFO - 'CredentialsManagement': emitting 'CredentialsNotFound' with args (dbus.String(u'Ubuntu One'),) and kwargs {}
2016-03-22 12:43:12,999:999.098062515 - ubuntu_sso.main - INFO - Shutting down, calling <function shutdown_func at 0x7f624ac35410>.
2016-03-22 12:56:06,110:110.09311676 - ubuntu_sso.utils.translation - WARNING - Translations not found, using null translator.
2016-03-22 12:56:06,776:776.015043259 - ubuntu_sso.main - INFO - Setting up Ubuntu SSO service.
2016-03-22 12:56:07,304:304.33011055 - ubuntu_sso.main - INFO - Ubuntu SSO service started.
2016-03-22 12:56:07,304:304.491043091 - ubuntu_sso.account - INFO - Creating a new SSO access layer for service url u'https://login.ubuntu.com/api/1.0/'
2016-03-22 12:56:07,359:359.616994858 - ubuntu_sso.credentials - INFO - find_credentials: self.app_name dbus.String(u'Ubuntu One'), result is {}? True
2016-03-22 12:56:07,359:359.750986099 - ubuntu_sso.main - INFO - 'CredentialsManagement': emitting 'CredentialsNotFound' with args (dbus.String(u'Ubuntu One'),) and kwargs {}
2016-03-22 12:56:17,405:405.438899994 - ubuntu_sso.main - INFO - Shutting down, calling <function shutdown_func at 0x7ffafdb5c410>.
2016-03-22 13:01:08,021:21.9349861145 - ubuntu_sso.utils.translation - WARNING - Translations not found, using null translator.
2016-03-22 13:01:08,036:36.7848873138 - ubuntu_sso.main - INFO - Setting up Ubuntu SSO service.
2016-03-22 13:01:08,040:40.2600765228 - ubuntu_sso.main - INFO - Ubuntu SSO service started.
2016-03-22 13:01:08,040:40.4028892517 - ubuntu_sso.account - INFO - Creating a new SSO access layer for service url u'https://login.ubuntu.com/api/1.0/'
2016-03-22 13:01:08,045:45.6941127777 - ubuntu_sso.credentials - INFO - find_credentials: self.app_name dbus.String(u'Ubuntu One'), result is {}? True
2016-03-22 13:01:08,045:45.8090305328 - ubuntu_sso.main - INFO - 'CredentialsManagement': emitting 'CredentialsNotFound' with args (dbus.String(u'Ubuntu One'),) and kwargs {}
2016-03-22 13:01:18,055:55.1319122314 - ubuntu_sso.main - INFO - Shutting down, calling <function shutdown_func at 0x7f33b4944410>.
2016-03-22 13:08:04,010:10.3800296783 - ubuntu_sso.utils.translation - WARNING - Translations not found, using null translator.
2016-03-22 13:08:04,025:25.0699520111 - ubuntu_sso.main - INFO - Setting up Ubuntu SSO service.
2016-03-22 13:08:04,028:28.4130573273 - ubuntu_sso.main - INFO - Ubuntu SSO service started.
2016-03-22 13:08:04,028:28.5539627075 - ubuntu_sso.account - INFO - Creating a new SSO access layer for service url u'https://login.ubuntu.com/api/1.0/'
2016-03-22 13:08:04,034:34.010887146 - ubuntu_sso.credentials - INFO - find_credentials: self.app_name dbus.String(u'Ubuntu One'), result is {}? True
2016-03-22 13:08:04,034:34.1560840607 - ubuntu_sso.main - INFO - 'CredentialsManagement': emitting 'CredentialsNotFound' with args (dbus.String(u'Ubuntu One'),) and kwargs {}
2016-03-22 13:08:14,043:43.4629917145 - ubuntu_sso.main - INFO - Shutting down, calling <function shutdown_func at 0x7feb56157410>.
2016-03-22 13:13:04,017:17.275094986 - ubuntu_sso.utils.translation - WARNING - Translations not found, using null translator.
2016-03-22 13:13:04,032:32.0160388947 - ubuntu_sso.main - INFO - Setting up Ubuntu SSO service.
2016-03-22 13:13:04,035:35.6860160828 - ubuntu_sso.main - INFO - Ubuntu SSO service started.
2016-03-22 13:13:04,035:35.8290672302 - ubuntu_sso.account - INFO - Creating a new SSO access layer for service url u'https://login.ubuntu.com/api/1.0/'
2016-03-22 13:13:04,041:41.1729812622 - ubuntu_sso.credentials - INFO - find_credentials: self.app_name dbus.String(u'Ubuntu One'), result is {}? True
2016-03-22 13:13:04,041:41.2969589233 - ubuntu_sso.main - INFO - 'CredentialsManagement': emitting 'CredentialsNotFound' with args (dbus.String(u'Ubuntu One'),) and kwargs {}
2016-03-22 13:13:14,050:50.5430698395 - ubuntu_sso.main - INFO - Shutting down, calling <function shutdown_func at 0x7faf4bc18410>.
2016-03-22 13:34:01,592:592.752933502 - ubuntu_sso.utils.translation - WARNING - Translations not found, using null translator.
2016-03-22 13:34:01,607:607.656955719 - ubuntu_sso.main - INFO - Setting up Ubuntu SSO service.
2016-03-22 13:34:01,611:611.32311821 - ubuntu_sso.main - INFO - Ubuntu SSO service started.
2016-03-22 13:34:01,611:611.479997635 - ubuntu_sso.account - INFO - Creating a new SSO access layer for service url u'https://login.ubuntu.com/api/1.0/'
2016-03-22 13:34:01,617:617.824077606 - ubuntu_sso.credentials - INFO - find_credentials: self.app_name dbus.String(u'Ubuntu One'), result is {}? True
2016-03-22 13:34:01,617:617.971897125 - ubuntu_sso.main - INFO - 'CredentialsManagement': emitting 'CredentialsNotFound' with args (dbus.String(u'Ubuntu One'),) and kwargs {}
2016-03-22 13:34:11,627:627.309083939 - ubuntu_sso.main - INFO - Shutting down, calling <function shutdown_func at 0x7f55b3974410>.
2016-03-22 14:29:04,016:16.2920951843 - ubuntu_sso.utils.translation - WARNING - Translations not found, using null translator.
2016-03-22 14:29:04,031:31.4059257507 - ubuntu_sso.main - INFO - Setting up Ubuntu SSO service.
2016-03-22 14:29:04,034:34.6949100494 - ubuntu_sso.main - INFO - Ubuntu SSO service started.
2016-03-22 14:29:04,034:34.8320007324 - ubuntu_sso.account - INFO - Creating a new SSO access layer for service url u'https://login.ubuntu.com/api/1.0/'
2016-03-22 14:29:04,040:40.4090881348 - ubuntu_sso.credentials - INFO - find_credentials: self.app_name dbus.String(u'Ubuntu One'), result is {}? True
2016-03-22 14:29:04,040:40.5941009521 - ubuntu_sso.main - INFO - 'CredentialsManagement': emitting 'CredentialsNotFound' with args (dbus.String(u'Ubuntu One'),) and kwargs {}
2016-03-22 14:29:14,050:50.106048584 - ubuntu_sso.main - INFO - Shutting down, calling <function shutdown_func at 0x7fb63883c410>.
2016-03-22 14:34:04,017:17.7149772644 - ubuntu_sso.utils.translation - WARNING - Translations not found, using null translator.
2016-03-22 14:34:04,032:32.5510501862 - ubuntu_sso.main - INFO - Setting up Ubuntu SSO service.
2016-03-22 14:34:04,036:36.3960266113 - ubuntu_sso.main - INFO - Ubuntu SSO service started.
2016-03-22 14:34:04,036:36.5450382233 - ubuntu_sso.account - INFO - Creating a new SSO access layer for service url u'https://login.ubuntu.com/api/1.0/'
2016-03-22 14:34:04,041:41.9449806213 - ubuntu_sso.credentials - INFO - find_credentials: self.app_name dbus.String(u'Ubuntu One'), result is {}? True
2016-03-22 14:34:04,042:42.0789718628 - ubuntu_sso.main - INFO - 'CredentialsManagement': emitting 'CredentialsNotFound' with args (dbus.String(u'Ubuntu One'),) and kwargs {}
2016-03-22 14:34:14,051:51.3679981232 - ubuntu_sso.main - INFO - Shutting down, calling <function shutdown_func at 0x7f80c99d5410>.
2016-03-22 15:08:04,013:13.4410858154 - ubuntu_sso.utils.translation - WARNING - Translations not found, using null translator.
2016-03-22 15:08:04,028:28.3410549164 - ubuntu_sso.main - INFO - Setting up Ubuntu SSO service.
2016-03-22 15:08:04,031:31.9619178772 - ubuntu_sso.main - INFO - Ubuntu SSO service started.
2016-03-22 15:08:04,032:32.1021080017 - ubuntu_sso.account - INFO - Creating a new SSO access layer for service url u'https://login.ubuntu.com/api/1.0/'
2016-03-22 15:08:04,037:37.5559329987 - ubuntu_sso.credentials - INFO - find_credentials: self.app_name dbus.String(u'Ubuntu One'), result is {}? True
2016-03-22 15:08:04,037:37.7290248871 - ubuntu_sso.main - INFO - 'CredentialsManagement': emitting 'CredentialsNotFound' with args (dbus.String(u'Ubuntu One'),) and kwargs {}
2016-03-22 15:08:14,046:46.7510223389 - ubuntu_sso.main - INFO - Shutting down, calling <function shutdown_func at 0x7fb2a1963410>.
2016-03-22 15:13:04,016:16.9479846954 - ubuntu_sso.utils.translation - WARNING - Translations not found, using null translator.
2016-03-22 15:13:04,031:31.8560600281 - ubuntu_sso.main - INFO - Setting up Ubuntu SSO service.
2016-03-22 15:13:04,035:35.4700088501 - ubuntu_sso.main - INFO - Ubuntu SSO service started.
2016-03-22 15:13:04,035:35.609960556 - ubuntu_sso.account - INFO - Creating a new SSO access layer for service url u'https://login.ubuntu.com/api/1.0/'
2016-03-22 15:13:04,040:40.9801006317 - ubuntu_sso.credentials - INFO - find_credentials: self.app_name dbus.String(u'Ubuntu One'), result is {}? True
2016-03-22 15:13:04,041:41.1539077759 - ubuntu_sso.main - INFO - 'CredentialsManagement': emitting 'CredentialsNotFound' with args (dbus.String(u'Ubuntu One'),) and kwargs {}
2016-03-22 15:13:14,050:50.4570007324 - ubuntu_sso.main - INFO - Shutting down, calling <function shutdown_func at 0x7fd3d22a0410>.
2016-03-22 15:16:22,310:310.348033905 - ubuntu_sso.utils.translation - WARNING - Translations not found, using null translator.
2016-03-22 15:16:22,325:325.198888779 - ubuntu_sso.main - INFO - Setting up Ubuntu SSO service.
2016-03-22 15:16:22,329:329.06293869 - ubuntu_sso.main - INFO - Ubuntu SSO service started.
2016-03-22 15:16:22,329:329.222917557 - ubuntu_sso.account - INFO - Creating a new SSO access layer for service url u'https://login.ubuntu.com/api/1.0/'
2016-03-22 15:16:22,335:335.375070572 - ubuntu_sso.credentials - INFO - find_credentials: self.app_name dbus.String(u'Ubuntu One'), result is {}? True
2016-03-22 15:16:22,335:335.511922836 - ubuntu_sso.main - INFO - 'CredentialsManagement': emitting 'CredentialsNotFound' with args (dbus.String(u'Ubuntu One'),) and kwargs {}
2016-03-22 15:16:32,344:344.528913498 - ubuntu_sso.main - INFO - Shutting down, calling <function shutdown_func at 0x7fb12abcf410>.
